\BOOKMARK [0][-]{chapter*.2}{Daftar Isi}{}% 1
\BOOKMARK [0][-]{chapter*.3}{Daftar Gambar}{}% 2
\BOOKMARK [0][-]{section*.4}{Daftar Program}{}% 3
\BOOKMARK [0][-]{section*.6}{Kata Pengantar}{}% 4
\BOOKMARK [0][-]{chapter.1}{1 Pendahuluan}{}% 5
\BOOKMARK [1][-]{section.1.1}{1.1 Representasi data}{chapter.1}% 6
\BOOKMARK [1][-]{section.1.2}{1.2 Tipe data abstrak}{chapter.1}% 7
\BOOKMARK [1][-]{section.1.3}{1.3 Prinsip dasar pemrograman}{chapter.1}% 8
\BOOKMARK [0][-]{chapter.2}{2 Bahasa Pemrograman C++}{}% 9
\BOOKMARK [1][-]{section.2.1}{2.1 Pendahuluan}{chapter.2}% 10
\BOOKMARK [1][-]{section.2.2}{2.2 IDE}{chapter.2}% 11
\BOOKMARK [1][-]{section.2.3}{2.3 Tipe data pointer dan struct}{chapter.2}% 12
\BOOKMARK [1][-]{section.2.4}{2.4 Pemanggilan fungsi}{chapter.2}% 13
\BOOKMARK [0][-]{chapter.3}{3 Array dan Linked list}{}% 14
\BOOKMARK [1][-]{section.3.1}{3.1 Array}{chapter.3}% 15
\BOOKMARK [1][-]{section.3.2}{3.2 Linked list}{chapter.3}% 16
\BOOKMARK [0][-]{chapter.4}{4 Graph}{}% 17
\BOOKMARK [1][-]{section.4.1}{4.1 Pendahuluan}{chapter.4}% 18
\BOOKMARK [1][-]{section.4.2}{4.2 Contoh Program}{chapter.4}% 19
\BOOKMARK [0][-]{chapter.5}{5 Pengurutan \(Sorting\)}{}% 20
\BOOKMARK [1][-]{section.5.1}{5.1 Pendahuluan}{chapter.5}% 21
\BOOKMARK [1][-]{section.5.2}{5.2 Bubble sort}{chapter.5}% 22
\BOOKMARK [1][-]{section.5.3}{5.3 Selection Sort}{chapter.5}% 23
\BOOKMARK [1][-]{section.5.4}{5.4 Quick Sort}{chapter.5}% 24
\BOOKMARK [0][-]{chapter.6}{6 Pencarian \(Searching\)}{}% 25
\BOOKMARK [1][-]{section.6.1}{6.1 Pendahuluan}{chapter.6}% 26
\BOOKMARK [1][-]{section.6.2}{6.2 Pencarian linier}{chapter.6}% 27
\BOOKMARK [1][-]{section.6.3}{6.3 Pencarian biner}{chapter.6}% 28
\BOOKMARK [0][-]{chapter.7}{7 Tugas}{}% 29
\BOOKMARK [0][-]{chapter*.18}{Bibliografi}{}% 30
